2023-08-17 16:12:48.611  INFO 50260 --- [main] a.i.r.RiskPredictApplicationTests        : Starting RiskPredictApplicationTests using Java 1.8.0_362 on MainMac.local with PID 50260 (started by a3 in /Users/a3/IdeaProjects/RiskPredict)
2023-08-17 16:12:48.614  INFO 50260 --- [main] a.i.r.RiskPredictApplicationTests        : No active profile set, falling back to default profiles: default
2023-08-17 16:12:49.325  INFO 50260 --- [main] .s.d.r.c.RepositoryConfigurationDelegate : Bootstrapping Spring Data JPA repositories in DEFAULT mode.
2023-08-17 16:12:49.383  INFO 50260 --- [main] .s.d.r.c.RepositoryConfigurationDelegate : Finished Spring Data repository scanning in 50 ms. Found 1 JPA repository interfaces.
2023-08-17 16:12:49.504  WARN 50260 --- [main] o.m.s.mapper.ClassPathMapperScanner      : No MyBatis mapper was found in '[ac.iie.riskpredict]' package. Please check your configuration.
2023-08-17 16:12:50.199  INFO 50260 --- [main] o.hibernate.jpa.internal.util.LogHelper  : HHH000204: Processing PersistenceUnitInfo [name: default]
2023-08-17 16:12:50.280  INFO 50260 --- [main] org.hibernate.Version                    : HHH000412: Hibernate ORM core version 5.4.32.Final
2023-08-17 16:12:50.495  INFO 50260 --- [main] o.hibernate.annotations.common.Version   : HCANN000001: Hibernate Commons Annotations {5.1.2.Final}
2023-08-17 16:12:50.652  INFO 50260 --- [main] com.zaxxer.hikari.HikariDataSource       : HikariPool-1 - Starting...
2023-08-17 16:12:51.011  INFO 50260 --- [main] com.zaxxer.hikari.HikariDataSource       : HikariPool-1 - Start completed.
2023-08-17 16:12:51.035  INFO 50260 --- [main] org.hibernate.dialect.Dialect            : HHH000400: Using dialect: org.hibernate.dialect.Oracle12cDialect
2023-08-17 16:12:52.377  INFO 50260 --- [main] o.h.e.t.j.p.i.JtaPlatformInitiator       : HHH000490: Using JtaPlatform implementation: [org.hibernate.engine.transaction.jta.platform.internal.NoJtaPlatform]
2023-08-17 16:12:52.390  INFO 50260 --- [main] j.LocalContainerEntityManagerFactoryBean : Initialized JPA EntityManagerFactory for persistence unit 'default'
2023-08-17 16:12:53.318  WARN 50260 --- [main] JpaBaseConfiguration$JpaWebConfiguration : spring.jpa.open-in-view is enabled by default. Therefore, database queries may be performed during view rendering. Explicitly configure spring.jpa.open-in-view to disable this warning
2023-08-17 16:12:54.086  INFO 50260 --- [main] a.i.r.RiskPredictApplicationTests        : Started RiskPredictApplicationTests in 5.81 seconds (JVM running for 6.924)
2023-08-17 16:12:54.267  INFO 50260 --- [SpringApplicationShutdownHook] j.LocalContainerEntityManagerFactoryBean : Closing JPA EntityManagerFactory for persistence unit 'default'
2023-08-17 16:12:54.270  INFO 50260 --- [SpringApplicationShutdownHook] com.zaxxer.hikari.HikariDataSource       : HikariPool-1 - Shutdown initiated...
2023-08-17 16:12:54.301  INFO 50260 --- [SpringApplicationShutdownHook] com.zaxxer.hikari.HikariDataSource       : HikariPool-1 - Shutdown completed.
2023-08-17 16:32:42.136  INFO 52321 --- [main] a.i.r.RiskPredictApplicationTests        : Starting RiskPredictApplicationTests using Java 1.8.0_362 on MainMac.local with PID 52321 (started by a3 in /Users/a3/IdeaProjects/RiskPredict)
2023-08-17 16:32:42.139  INFO 52321 --- [main] a.i.r.RiskPredictApplicationTests        : No active profile set, falling back to default profiles: default
2023-08-17 16:32:42.843  INFO 52321 --- [main] .s.d.r.c.RepositoryConfigurationDelegate : Bootstrapping Spring Data JPA repositories in DEFAULT mode.
2023-08-17 16:32:42.905  INFO 52321 --- [main] .s.d.r.c.RepositoryConfigurationDelegate : Finished Spring Data repository scanning in 52 ms. Found 1 JPA repository interfaces.
2023-08-17 16:32:43.019  WARN 52321 --- [main] o.m.s.mapper.ClassPathMapperScanner      : No MyBatis mapper was found in '[ac.iie.riskpredict]' package. Please check your configuration.
2023-08-17 16:32:43.693  INFO 52321 --- [main] o.hibernate.jpa.internal.util.LogHelper  : HHH000204: Processing PersistenceUnitInfo [name: default]
2023-08-17 16:32:43.768  INFO 52321 --- [main] org.hibernate.Version                    : HHH000412: Hibernate ORM core version 5.4.32.Final
2023-08-17 16:32:43.996  INFO 52321 --- [main] o.hibernate.annotations.common.Version   : HCANN000001: Hibernate Commons Annotations {5.1.2.Final}
2023-08-17 16:32:44.159  INFO 52321 --- [main] com.zaxxer.hikari.HikariDataSource       : HikariPool-1 - Starting...
2023-08-17 16:32:44.508  INFO 52321 --- [main] com.zaxxer.hikari.HikariDataSource       : HikariPool-1 - Start completed.
2023-08-17 16:32:44.532  INFO 52321 --- [main] org.hibernate.dialect.Dialect            : HHH000400: Using dialect: org.hibernate.dialect.Oracle12cDialect
2023-08-17 16:32:45.760  INFO 52321 --- [main] o.h.e.t.j.p.i.JtaPlatformInitiator       : HHH000490: Using JtaPlatform implementation: [org.hibernate.engine.transaction.jta.platform.internal.NoJtaPlatform]
2023-08-17 16:32:45.772  INFO 52321 --- [main] j.LocalContainerEntityManagerFactoryBean : Initialized JPA EntityManagerFactory for persistence unit 'default'
2023-08-17 16:32:46.622  WARN 52321 --- [main] JpaBaseConfiguration$JpaWebConfiguration : spring.jpa.open-in-view is enabled by default. Therefore, database queries may be performed during view rendering. Explicitly configure spring.jpa.open-in-view to disable this warning
2023-08-17 16:32:47.357  INFO 52321 --- [main] a.i.r.RiskPredictApplicationTests        : Started RiskPredictApplicationTests in 5.604 seconds (JVM running for 6.681)
2023-08-17 16:32:47.534  INFO 52321 --- [SpringApplicationShutdownHook] j.LocalContainerEntityManagerFactoryBean : Closing JPA EntityManagerFactory for persistence unit 'default'
2023-08-17 16:32:47.536  INFO 52321 --- [SpringApplicationShutdownHook] com.zaxxer.hikari.HikariDataSource       : HikariPool-1 - Shutdown initiated...
2023-08-17 16:32:47.574  INFO 52321 --- [SpringApplicationShutdownHook] com.zaxxer.hikari.HikariDataSource       : HikariPool-1 - Shutdown completed.
2023-08-17 17:08:22.560  INFO 55289 --- [restartedMain] a.i.riskpredict.RiskPredictApplication   : Starting RiskPredictApplication using Java 1.8.0_362 on MainMac.local with PID 55289 (/Users/a3/IdeaProjects/RiskPredict/target/classes started by a3 in /Users/a3/IdeaProjects/RiskPredict)
2023-08-17 17:08:22.563  INFO 55289 --- [restartedMain] a.i.riskpredict.RiskPredictApplication   : No active profile set, falling back to default profiles: default
2023-08-17 17:08:22.616  INFO 55289 --- [restartedMain] o.s.b.devtools.restart.ChangeableUrls    : The Class-Path manifest attribute in /Users/a3/.m2/repository/com/oracle/database/jdbc/ojdbc8/19.7.0.0/ojdbc8-19.7.0.0.jar referenced one or more files that do not exist: file:/Users/a3/.m2/repository/com/oracle/database/jdbc/ojdbc8/19.7.0.0/oraclepki.jar
2023-08-17 17:08:22.616  INFO 55289 --- [restartedMain] o.s.b.devtools.restart.ChangeableUrls    : The Class-Path manifest attribute in /Users/a3/.m2/repository/com/oracle/database/nls/orai18n/19.7.0.0/orai18n-19.7.0.0.jar referenced one or more files that do not exist: file:/Users/a3/.m2/repository/com/oracle/database/nls/orai18n/19.7.0.0/orai18n-mapping.jar,file:/Users/a3/.m2/repository/com/oracle/database/nls/orai18n/19.7.0.0/orai18n-utility.jar,file:/Users/a3/.m2/repository/com/oracle/database/nls/orai18n/19.7.0.0/orai18n-collation.jar,file:/Users/a3/.m2/repository/com/oracle/database/nls/orai18n/19.7.0.0/orai18n-translation.jar,file:/Users/a3/.m2/repository/com/oracle/database/nls/orai18n/19.7.0.0/orai18n-net.jar,file:/Users/a3/.m2/repository/com/oracle/database/nls/orai18n/19.7.0.0/orai18n-servlet.jar,file:/Users/a3/.m2/repository/com/oracle/database/nls/orai18n/19.7.0.0/orai18n-lcsd.jar,file:/Users/a3/.m2/repository/com/oracle/database/nls/orai18n/19.7.0.0/orai18n-tools.jar,file:/Users/a3/.m2/repository/com/oracle/database/nls/orai18n/19.7.0.0/gdk_custom.jar
2023-08-17 17:08:22.616  INFO 55289 --- [restartedMain] .e.DevToolsPropertyDefaultsPostProcessor : Devtools property defaults active! Set 'spring.devtools.add-properties' to 'false' to disable
2023-08-17 17:08:22.617  INFO 55289 --- [restartedMain] .e.DevToolsPropertyDefaultsPostProcessor : For additional web related logging consider setting the 'logging.level.web' property to 'DEBUG'
2023-08-17 17:08:23.270  INFO 55289 --- [restartedMain] .s.d.r.c.RepositoryConfigurationDelegate : Bootstrapping Spring Data JPA repositories in DEFAULT mode.
2023-08-17 17:08:23.327  INFO 55289 --- [restartedMain] .s.d.r.c.RepositoryConfigurationDelegate : Finished Spring Data repository scanning in 48 ms. Found 1 JPA repository interfaces.
2023-08-17 17:08:23.455  WARN 55289 --- [restartedMain] o.m.s.mapper.ClassPathMapperScanner      : No MyBatis mapper was found in '[ac.iie.riskpredict]' package. Please check your configuration.
2023-08-17 17:08:23.943  INFO 55289 --- [restartedMain] o.s.b.w.embedded.tomcat.TomcatWebServer  : Tomcat initialized with port(s): 8082 (http)
2023-08-17 17:08:23.950  INFO 55289 --- [restartedMain] o.apache.catalina.core.StandardService   : Starting service [Tomcat]
2023-08-17 17:08:23.951  INFO 55289 --- [restartedMain] org.apache.catalina.core.StandardEngine  : Starting Servlet engine: [Apache Tomcat/9.0.48]
2023-08-17 17:08:24.001  INFO 55289 --- [restartedMain] o.a.c.c.C.[Tomcat].[localhost].[/]       : Initializing Spring embedded WebApplicationContext
2023-08-17 17:08:24.001  INFO 55289 --- [restartedMain] w.s.c.ServletWebServerApplicationContext : Root WebApplicationContext: initialization completed in 1384 ms
2023-08-17 17:08:24.223  INFO 55289 --- [restartedMain] o.hibernate.jpa.internal.util.LogHelper  : HHH000204: Processing PersistenceUnitInfo [name: default]
2023-08-17 17:08:24.337  INFO 55289 --- [restartedMain] org.hibernate.Version                    : HHH000412: Hibernate ORM core version 5.4.32.Final
2023-08-17 17:08:24.616  INFO 55289 --- [restartedMain] o.hibernate.annotations.common.Version   : HCANN000001: Hibernate Commons Annotations {5.1.2.Final}
2023-08-17 17:08:24.888  INFO 55289 --- [restartedMain] com.zaxxer.hikari.HikariDataSource       : HikariPool-1 - Starting...
2023-08-17 17:08:25.427  INFO 55289 --- [restartedMain] com.zaxxer.hikari.HikariDataSource       : HikariPool-1 - Start completed.
2023-08-17 17:08:25.446  INFO 55289 --- [restartedMain] org.hibernate.dialect.Dialect            : HHH000400: Using dialect: org.hibernate.dialect.Oracle12cDialect
2023-08-17 17:08:26.608  INFO 55289 --- [restartedMain] o.h.e.t.j.p.i.JtaPlatformInitiator       : HHH000490: Using JtaPlatform implementation: [org.hibernate.engine.transaction.jta.platform.internal.NoJtaPlatform]
2023-08-17 17:08:26.618  INFO 55289 --- [restartedMain] j.LocalContainerEntityManagerFactoryBean : Initialized JPA EntityManagerFactory for persistence unit 'default'
2023-08-17 17:08:27.064  WARN 55289 --- [restartedMain] JpaBaseConfiguration$JpaWebConfiguration : spring.jpa.open-in-view is enabled by default. Therefore, database queries may be performed during view rendering. Explicitly configure spring.jpa.open-in-view to disable this warning
2023-08-17 17:08:27.507  INFO 55289 --- [restartedMain] o.s.b.d.a.OptionalLiveReloadServer       : LiveReload server is running on port 35729
2023-08-17 17:08:27.542  INFO 55289 --- [restartedMain] o.s.b.w.embedded.tomcat.TomcatWebServer  : Tomcat started on port(s): 8082 (http) with context path ''
2023-08-17 17:08:27.577  INFO 55289 --- [restartedMain] a.i.riskpredict.RiskPredictApplication   : Started RiskPredictApplication in 5.507 seconds (JVM running for 6.204)
2023-08-17 17:09:14.995  INFO 55289 --- [http-nio-8082-exec-1] o.a.c.c.C.[Tomcat].[localhost].[/]       : Initializing Spring DispatcherServlet 'dispatcherServlet'
2023-08-17 17:09:14.995  INFO 55289 --- [http-nio-8082-exec-1] o.s.web.servlet.DispatcherServlet        : Initializing Servlet 'dispatcherServlet'
2023-08-17 17:09:14.997  INFO 55289 --- [http-nio-8082-exec-1] o.s.web.servlet.DispatcherServlet        : Completed initialization in 1 ms
2023-08-17 17:09:15.013  INFO 55289 --- [http-nio-8082-exec-1] ac.iie.riskpredict.RiskController        : 系统准备更新
2023-08-17 17:09:16.087  INFO 55289 --- [http-nio-8082-exec-1] ac.iie.riskpredict.RiskController        : 成功创建线程池：java.util.concurrent.ThreadPoolExecutor@546a3a49[Running, pool size = 0, active threads = 0, queued tasks = 0, completed tasks = 0]
2023-08-17 17:09:16.090  INFO 55289 --- [pool-1-thread-1] ac.iie.riskpredict.RiskController        : 创建查询请求0 500
2023-08-17 17:09:16.090  INFO 55289 --- [pool-1-thread-3] ac.iie.riskpredict.RiskController        : 创建查询请求2 500
2023-08-17 17:09:16.090  INFO 55289 --- [pool-1-thread-2] ac.iie.riskpredict.RiskController        : 创建查询请求1 500
2023-08-17 17:09:16.090  INFO 55289 --- [pool-1-thread-4] ac.iie.riskpredict.RiskController        : 创建查询请求3 500
2023-08-17 17:09:16.090  INFO 55289 --- [pool-1-thread-5] ac.iie.riskpredict.RiskController        : 创建查询请求4 500
2023-08-17 17:09:16.091  INFO 55289 --- [pool-1-thread-6] ac.iie.riskpredict.RiskController        : 创建查询请求5 500
2023-08-17 17:09:16.091  INFO 55289 --- [pool-1-thread-7] ac.iie.riskpredict.RiskController        : 创建查询请求6 500
2023-08-17 17:09:16.092  INFO 55289 --- [pool-1-thread-8] ac.iie.riskpredict.RiskController        : 创建查询请求7 500
2023-08-17 17:09:16.092  INFO 55289 --- [pool-1-thread-9] ac.iie.riskpredict.RiskController        : 创建查询请求8 500
2023-08-17 17:09:16.093  INFO 55289 --- [pool-1-thread-10] ac.iie.riskpredict.RiskController        : 创建查询请求9 500
2023-08-17 17:09:16.859  WARN 55289 --- [pool-1-thread-4] o.h.engine.jdbc.spi.SqlExceptionHelper   : SQL Error: 17026, SQLState: 99999
2023-08-17 17:09:16.860 ERROR 55289 --- [pool-1-thread-4] o.h.engine.jdbc.spi.SqlExceptionHelper   : 数字溢出
2023-08-17 17:09:16.889  INFO 55289 --- [pool-1-thread-4] ac.iie.riskpredict.RiskController        : 创建查询请求10 500
2023-08-17 17:09:17.025  INFO 55289 --- [pool-1-thread-10] ac.iie.riskpredict.RiskController        : 查询返回结果：500条
2023-08-17 17:09:17.028  INFO 55289 --- [pool-1-thread-8] ac.iie.riskpredict.RiskController        : 查询返回结果：500条
2023-08-17 17:09:17.057  INFO 55289 --- [pool-1-thread-5] ac.iie.riskpredict.RiskController        : 查询返回结果：500条
2023-08-17 17:09:17.088  INFO 55289 --- [pool-1-thread-1] ac.iie.riskpredict.RiskController        : 查询返回结果：500条
2023-08-17 17:09:17.155  INFO 55289 --- [pool-1-thread-2] ac.iie.riskpredict.RiskController        : 查询返回结果：500条
2023-08-17 17:09:17.182  INFO 55289 --- [pool-1-thread-9] ac.iie.riskpredict.RiskController        : 查询返回结果：500条
2023-08-17 17:09:17.225  INFO 55289 --- [pool-1-thread-7] ac.iie.riskpredict.RiskController        : 查询返回结果：500条
2023-08-17 17:09:17.349  INFO 55289 --- [pool-1-thread-3] ac.iie.riskpredict.RiskController        : 查询返回结果：500条
2023-08-17 17:09:18.785  INFO 55289 --- [pool-1-thread-4] ac.iie.riskpredict.RiskController        : 查询返回结果：500条
2023-08-17 17:09:19.026  INFO 55289 --- [pool-1-thread-5] ac.iie.riskpredict.RiskController        : 已更新1904E01038
2023-08-17 17:09:19.363  INFO 55289 --- [pool-1-thread-1] ac.iie.riskpredict.RiskController        : 已更新testu6
2023-08-17 17:09:19.790  INFO 55289 --- [pool-1-thread-2] ac.iie.riskpredict.RiskController        : 已更新1811L01055
2023-08-17 17:09:20.079  INFO 55289 --- [pool-1-thread-6] ac.iie.riskpredict.RiskController        : 查询返回结果：500条
2023-08-17 17:09:20.093  INFO 55289 --- [pool-1-thread-9] ac.iie.riskpredict.RiskController        : 已更新1810E00625
2023-08-17 17:09:20.104  INFO 55289 --- [pool-1-thread-10] ac.iie.riskpredict.RiskController        : 已更新2207L00218
2023-08-17 17:09:20.295  INFO 55289 --- [pool-1-thread-8] ac.iie.riskpredict.RiskController        : 已更新2201J01553
2023-08-17 17:09:20.312  INFO 55289 --- [pool-1-thread-7] ac.iie.riskpredict.RiskController        : 已更新1805J05912
2023-08-17 17:09:20.465  INFO 55289 --- [pool-1-thread-3] ac.iie.riskpredict.RiskController        : 已更新2207F01130
2023-08-17 17:09:21.540  INFO 55289 --- [pool-1-thread-4] ac.iie.riskpredict.RiskController        : 已更新2206F00011
2023-08-17 17:09:21.871  INFO 55289 --- [pool-1-thread-2] ac.iie.riskpredict.RiskController        : 已更新1805G00777
2023-08-17 17:09:22.395  INFO 55289 --- [pool-1-thread-5] ac.iie.riskpredict.RiskController        : 已更新1905M02414
2023-08-17 17:09:22.717  INFO 55289 --- [pool-1-thread-6] ac.iie.riskpredict.RiskController        : 已更新1908F02031
2023-08-17 17:09:22.990  INFO 55289 --- [pool-1-thread-1] ac.iie.riskpredict.RiskController        : 已更新2202A02362
2023-08-17 17:09:23.101  INFO 55289 --- [pool-1-thread-7] ac.iie.riskpredict.RiskController        : 已更新1805J02025
2023-08-17 17:09:23.622  INFO 55289 --- [pool-1-thread-10] ac.iie.riskpredict.RiskController        : 已更新2202B00762
2023-08-17 17:09:23.776  INFO 55289 --- [pool-1-thread-8] ac.iie.riskpredict.RiskController        : 已更新2201H00707
2023-08-17 17:09:23.971  INFO 55289 --- [pool-1-thread-9] ac.iie.riskpredict.RiskController        : 已更新1811B01441
2023-08-17 17:09:23.992  INFO 55289 --- [pool-1-thread-3] ac.iie.riskpredict.RiskController        : 已更新2204J01711
2023-08-17 17:09:24.778  INFO 55289 --- [pool-1-thread-4] ac.iie.riskpredict.RiskController        : 已更新2004J01114
2023-08-17 17:09:25.163  INFO 55289 --- [pool-1-thread-5] ac.iie.riskpredict.RiskController        : 已更新2204L00885
2023-08-17 17:09:25.212  INFO 55289 --- [pool-1-thread-2] ac.iie.riskpredict.RiskController        : 已更新1805H01230
2023-08-17 17:09:26.041  INFO 55289 --- [pool-1-thread-7] ac.iie.riskpredict.RiskController        : 已更新2201J00650
2023-08-17 17:09:26.490  INFO 55289 --- [pool-1-thread-8] ac.iie.riskpredict.RiskController        : 已更新2.20E+115
2023-08-17 17:09:26.546  INFO 55289 --- [pool-1-thread-10] ac.iie.riskpredict.RiskController        : 已更新2203C00732
2023-08-17 17:09:26.760  INFO 55289 --- [pool-1-thread-6] ac.iie.riskpredict.RiskController        : 已更新1908H00311
2023-08-17 17:09:26.992  INFO 55289 --- [pool-1-thread-4] ac.iie.riskpredict.RiskController        : 已更新2012D03913
2023-08-17 17:09:27.135  INFO 55289 --- [pool-1-thread-3] ac.iie.riskpredict.RiskController        : 已更新2207C03585
2023-08-17 17:09:27.452  INFO 55289 --- [pool-1-thread-1] ac.iie.riskpredict.RiskController        : 已更新1801K01058
2023-08-17 17:09:27.840  INFO 55289 --- [pool-1-thread-9] ac.iie.riskpredict.RiskController        : 已更新1907N00212
2023-08-17 17:09:28.322  INFO 55289 --- [pool-1-thread-2] ac.iie.riskpredict.RiskController        : 已更新2201M01110
2023-08-17 17:09:28.457  INFO 55289 --- [pool-1-thread-5] ac.iie.riskpredict.RiskController        : 已更新2202B00227
2023-08-17 17:09:29.050  INFO 55289 --- [pool-1-thread-8] ac.iie.riskpredict.RiskController        : 已更新2204D01133
2023-08-17 17:09:29.551  INFO 55289 --- [pool-1-thread-3] ac.iie.riskpredict.RiskController        : 已更新1811B00719
2023-08-17 17:09:29.618  INFO 55289 --- [pool-1-thread-7] ac.iie.riskpredict.RiskController        : 已更新1.90E+128
2023-08-17 17:09:29.629  INFO 55289 --- [pool-1-thread-6] ac.iie.riskpredict.RiskController        : 已更新1801C00483
2023-08-17 17:09:29.721  INFO 55289 --- [pool-1-thread-4] ac.iie.riskpredict.RiskController        : 已更新1908K01384
2023-08-17 17:09:30.173  INFO 55289 --- [pool-1-thread-10] ac.iie.riskpredict.RiskController        : 已更新2001J00053
2023-08-17 17:09:30.884  INFO 55289 --- [pool-1-thread-1] ac.iie.riskpredict.RiskController        : 已更新2203A01672
2023-08-17 17:09:31.050  INFO 55289 --- [pool-1-thread-5] ac.iie.riskpredict.RiskController        : 已更新1808A01370
2023-08-17 17:09:31.230  INFO 55289 --- [pool-1-thread-9] ac.iie.riskpredict.RiskController        : 已更新1902M00618
2023-08-17 17:09:31.565  INFO 55289 --- [pool-1-thread-2] ac.iie.riskpredict.RiskController        : 已更新2201M01127
2023-08-17 17:09:32.157  INFO 55289 --- [http-nio-8082-exec-5] ac.iie.riskpredict.RiskController        : 系统准备更新
2023-08-17 17:09:32.184  INFO 55289 --- [http-nio-8082-exec-5] ac.iie.riskpredict.RiskController        : 成功创建线程池：java.util.concurrent.ThreadPoolExecutor@47c5afa0[Running, pool size = 0, active threads = 0, queued tasks = 0, completed tasks = 0]
2023-08-17 17:09:32.184  INFO 55289 --- [pool-2-thread-1] ac.iie.riskpredict.RiskController        : 创建查询请求0 500
2023-08-17 17:09:32.185  INFO 55289 --- [pool-2-thread-2] ac.iie.riskpredict.RiskController        : 创建查询请求1 500
2023-08-17 17:09:32.185  INFO 55289 --- [pool-2-thread-3] ac.iie.riskpredict.RiskController        : 创建查询请求2 500
2023-08-17 17:09:32.185  INFO 55289 --- [pool-2-thread-4] ac.iie.riskpredict.RiskController        : 创建查询请求3 500
2023-08-17 17:09:32.185  INFO 55289 --- [pool-2-thread-5] ac.iie.riskpredict.RiskController        : 创建查询请求4 500
2023-08-17 17:09:32.185  INFO 55289 --- [pool-2-thread-6] ac.iie.riskpredict.RiskController        : 创建查询请求5 500
2023-08-17 17:09:32.186  INFO 55289 --- [pool-2-thread-7] ac.iie.riskpredict.RiskController        : 创建查询请求6 500
2023-08-17 17:09:32.186  INFO 55289 --- [pool-2-thread-8] ac.iie.riskpredict.RiskController        : 创建查询请求7 500
2023-08-17 17:09:32.186  INFO 55289 --- [pool-2-thread-9] ac.iie.riskpredict.RiskController        : 创建查询请求8 500
2023-08-17 17:09:32.186  INFO 55289 --- [pool-2-thread-10] ac.iie.riskpredict.RiskController        : 创建查询请求9 500
2023-08-17 17:09:32.556  WARN 55289 --- [pool-2-thread-4] o.h.engine.jdbc.spi.SqlExceptionHelper   : SQL Error: 17026, SQLState: 99999
2023-08-17 17:09:32.556 ERROR 55289 --- [pool-2-thread-4] o.h.engine.jdbc.spi.SqlExceptionHelper   : 数字溢出
2023-08-17 17:09:32.558  INFO 55289 --- [pool-2-thread-4] ac.iie.riskpredict.RiskController        : 创建查询请求10 500
2023-08-17 17:09:32.607  INFO 55289 --- [pool-2-thread-3] ac.iie.riskpredict.RiskController        : 查询返回结果：500条
2023-08-17 17:09:32.646  INFO 55289 --- [pool-2-thread-5] ac.iie.riskpredict.RiskController        : 查询返回结果：500条
2023-08-17 17:09:32.649  INFO 55289 --- [pool-2-thread-2] ac.iie.riskpredict.RiskController        : 查询返回结果：500条
2023-08-17 17:09:32.660  INFO 55289 --- [pool-2-thread-1] ac.iie.riskpredict.RiskController        : 查询返回结果：500条
2023-08-17 17:09:32.790  INFO 55289 --- [pool-2-thread-9] ac.iie.riskpredict.RiskController        : 查询返回结果：500条
2023-08-17 17:09:33.005  INFO 55289 --- [pool-1-thread-3] ac.iie.riskpredict.RiskController        : 已更新1808J01232
2023-08-17 17:09:33.028  INFO 55289 --- [pool-2-thread-10] ac.iie.riskpredict.RiskController        : 查询返回结果：500条
2023-08-17 17:09:33.388  INFO 55289 --- [pool-1-thread-10] ac.iie.riskpredict.RiskController        : 已更新2202L00189
2023-08-17 17:09:33.568  INFO 55289 --- [pool-1-thread-6] ac.iie.riskpredict.RiskController        : 已更新1801F02636
2023-08-17 17:09:33.857  INFO 55289 --- [pool-1-thread-7] ac.iie.riskpredict.RiskController        : 已更新1905M01607
2023-08-17 17:09:33.867  INFO 55289 --- [pool-2-thread-7] ac.iie.riskpredict.RiskController        : 查询返回结果：500条
2023-08-17 17:09:33.955  INFO 55289 --- [pool-2-thread-6] ac.iie.riskpredict.RiskController        : 查询返回结果：500条
2023-08-17 17:09:33.955  INFO 55289 --- [pool-1-thread-8] ac.iie.riskpredict.RiskController        : 已更新2.20E+195
2023-08-17 17:09:33.987  INFO 55289 --- [pool-2-thread-4] ac.iie.riskpredict.RiskController        : 查询返回结果：500条
2023-08-17 17:09:34.099  INFO 55289 --- [pool-1-thread-4] ac.iie.riskpredict.RiskController        : 已更新1906J11544
2023-08-17 17:09:34.375  INFO 55289 --- [pool-2-thread-8] ac.iie.riskpredict.RiskController        : 查询返回结果：500条
2023-08-17 17:09:35.313  INFO 55289 --- [pool-1-thread-1] ac.iie.riskpredict.RiskController        : 已更新2201E02530
2023-08-17 17:09:35.771  INFO 55289 --- [pool-1-thread-5] ac.iie.riskpredict.RiskController        : 已更新2202L00195
2023-08-17 17:09:36.218  INFO 55289 --- [pool-1-thread-9] ac.iie.riskpredict.RiskController        : 已更新1907M03026
2023-08-17 17:09:36.895  INFO 55289 --- [pool-1-thread-2] ac.iie.riskpredict.RiskController        : 已更新1812F00028
2023-08-17 17:09:38.394  INFO 55289 --- [pool-2-thread-5] ac.iie.riskpredict.RiskController        : 已更新1904E01038
2023-08-17 17:09:38.919  INFO 55289 --- [pool-2-thread-3] ac.iie.riskpredict.RiskController        : 已更新2207F01130
2023-08-17 17:09:39.059  INFO 55289 --- [pool-2-thread-1] ac.iie.riskpredict.RiskController        : 已更新testu6
2023-08-17 17:09:39.119  INFO 55289 --- [pool-1-thread-3] ac.iie.riskpredict.RiskController        : 已更新2201F01664
2023-08-17 17:09:39.664  INFO 55289 --- [pool-1-thread-10] ac.iie.riskpredict.RiskController        : 已更新2204D00127
2023-08-17 17:09:39.927  INFO 55289 --- [pool-2-thread-9] ac.iie.riskpredict.RiskController        : 已更新1810E00625
2023-08-17 17:09:40.236  INFO 55289 --- [pool-2-thread-10] ac.iie.riskpredict.RiskController        : 已更新2207L00218
2023-08-17 17:09:40.440  INFO 55289 --- [pool-2-thread-6] ac.iie.riskpredict.RiskController        : 已更新1908F02031
2023-08-17 17:09:40.536  INFO 55289 --- [pool-1-thread-7] ac.iie.riskpredict.RiskController        : 已更新1905K00832
2023-08-17 17:09:40.559  INFO 55289 --- [pool-2-thread-4] ac.iie.riskpredict.RiskController        : 已更新2206F00011
2023-08-17 17:09:40.792  INFO 55289 --- [pool-2-thread-2] ac.iie.riskpredict.RiskController        : 已更新1811L01055
2023-08-17 17:09:40.816  INFO 55289 --- [pool-1-thread-4] ac.iie.riskpredict.RiskController        : 已更新2206B00744
2023-08-17 17:09:40.867  INFO 55289 --- [pool-1-thread-8] ac.iie.riskpredict.RiskController        : 已更新2207K01601
2023-08-17 17:09:41.065  INFO 55289 --- [pool-2-thread-7] ac.iie.riskpredict.RiskController        : 已更新1805J05912
2023-08-17 17:09:41.584  INFO 55289 --- [pool-2-thread-8] ac.iie.riskpredict.RiskController        : 已更新2201J01553
2023-08-17 17:09:41.747  INFO 55289 --- [pool-1-thread-6] ac.iie.riskpredict.RiskController        : 已更新1801J04262
2023-08-17 17:09:42.652  INFO 55289 --- [pool-1-thread-1] ac.iie.riskpredict.RiskController        : 已更新1801A01372
2023-08-17 17:09:42.732  INFO 55289 --- [pool-1-thread-5] ac.iie.riskpredict.RiskController        : 已更新2204L01596
2023-08-17 17:09:43.520  INFO 55289 --- [pool-1-thread-9] ac.iie.riskpredict.RiskController        : 已更新1906B00892
2023-08-17 17:09:44.116  INFO 55289 --- [pool-1-thread-2] ac.iie.riskpredict.RiskController        : 已更新1805B00655
2023-08-17 17:09:44.324  INFO 55289 --- [pool-2-thread-5] ac.iie.riskpredict.RiskController        : 已更新1905M02414
2023-08-17 17:09:45.057  INFO 55289 --- [pool-2-thread-3] ac.iie.riskpredict.RiskController        : 已更新2204J01711
2023-08-17 17:09:45.617  INFO 55289 --- [pool-2-thread-1] ac.iie.riskpredict.RiskController        : 已更新2202A02362
2023-08-17 17:09:46.375  INFO 55289 --- [pool-1-thread-4] ac.iie.riskpredict.RiskController        : 已更新2010H01418
2023-08-17 17:09:46.620  INFO 55289 --- [pool-2-thread-10] ac.iie.riskpredict.RiskController        : 已更新2202B00762
2023-08-17 17:09:46.656  INFO 55289 --- [pool-1-thread-10] ac.iie.riskpredict.RiskController        : 已更新2203E00799
2023-08-17 17:09:47.221  INFO 55289 --- [pool-1-thread-3] ac.iie.riskpredict.RiskController        : 已更新1908M01817
2023-08-17 17:09:47.446  INFO 55289 --- [pool-2-thread-2] ac.iie.riskpredict.RiskController        : 已更新1805G00777
2023-08-17 17:09:47.573  INFO 55289 --- [pool-1-thread-7] ac.iie.riskpredict.RiskController        : 已更新1805J00831
2023-08-17 17:09:47.574  INFO 55289 --- [pool-2-thread-9] ac.iie.riskpredict.RiskController        : 已更新1811B01441
2023-08-17 17:09:47.937  INFO 55289 --- [pool-2-thread-6] ac.iie.riskpredict.RiskController        : 已更新1908H00311
2023-08-17 17:09:48.043  INFO 55289 --- [pool-2-thread-8] ac.iie.riskpredict.RiskController        : 已更新2201H00707
2023-08-17 17:09:48.049  INFO 55289 --- [pool-2-thread-7] ac.iie.riskpredict.RiskController        : 已更新1805J02025
2023-08-17 17:09:48.203  INFO 55289 --- [pool-1-thread-8] ac.iie.riskpredict.RiskController        : 已更新1811G00674
2023-08-17 17:09:48.432  INFO 55289 --- [pool-2-thread-4] ac.iie.riskpredict.RiskController        : 已更新2004J01114
2023-08-17 17:09:48.763  INFO 55289 --- [pool-1-thread-6] ac.iie.riskpredict.RiskController        : 已更新1805J00848
2023-08-17 17:09:49.450  INFO 55289 --- [pool-1-thread-5] ac.iie.riskpredict.RiskController        : 已更新1905B01996
2023-08-17 17:09:50.072  INFO 55289 --- [pool-1-thread-1] ac.iie.riskpredict.RiskController        : 已更新2204L00287
2023-08-17 17:09:50.269  INFO 55289 --- [pool-1-thread-2] ac.iie.riskpredict.RiskController        : 已更新1804A01198
2023-08-17 17:09:51.071  INFO 55289 --- [pool-1-thread-9] ac.iie.riskpredict.RiskController        : 已更新2201A01079
2023-08-17 17:09:51.116  INFO 55289 --- [pool-2-thread-5] ac.iie.riskpredict.RiskController        : 已更新2204L00885
2023-08-17 17:09:52.462  INFO 55289 --- [pool-1-thread-4] ac.iie.riskpredict.RiskController        : 已更新2205N00309
2023-08-17 17:09:52.936  INFO 55289 --- [pool-2-thread-1] ac.iie.riskpredict.RiskController        : 已更新1801K01058
2023-08-17 17:09:53.137  INFO 55289 --- [pool-2-thread-3] ac.iie.riskpredict.RiskController        : 已更新2207C03585
2023-08-17 17:09:53.406  INFO 55289 --- [pool-2-thread-2] ac.iie.riskpredict.RiskController        : 已更新1805H01230
2023-08-17 17:09:53.577  INFO 55289 --- [pool-2-thread-9] ac.iie.riskpredict.RiskController        : 已更新1907N00212
2023-08-17 17:09:53.593  INFO 55289 --- [pool-1-thread-3] ac.iie.riskpredict.RiskController        : 已更新1908C02160
2023-08-17 17:09:53.617  INFO 55289 --- [pool-2-thread-10] ac.iie.riskpredict.RiskController        : 已更新2203C00732
2023-08-17 17:09:53.639  INFO 55289 --- [pool-1-thread-10] ac.iie.riskpredict.RiskController        : 已更新2203C00730
2023-08-17 17:09:53.691  INFO 55289 --- [pool-2-thread-6] ac.iie.riskpredict.RiskController        : 已更新1801C00483
2023-08-17 17:09:54.376  INFO 55289 --- [pool-2-thread-8] ac.iie.riskpredict.RiskController        : 已更新2.20E+115
2023-08-17 17:09:54.381  INFO 55289 --- [pool-1-thread-6] ac.iie.riskpredict.RiskController        : 已更新1906E04603
2023-08-17 17:09:54.435  INFO 55289 --- [pool-1-thread-8] ac.iie.riskpredict.RiskController        : 已更新1808C03216
2023-08-17 17:09:54.516  INFO 55289 --- [pool-1-thread-7] ac.iie.riskpredict.RiskController        : 已更新1801J03070
2023-08-17 17:09:54.658  INFO 55289 --- [pool-2-thread-4] ac.iie.riskpredict.RiskController        : 已更新2012D03913
2023-08-17 17:09:54.720  INFO 55289 --- [pool-2-thread-7] ac.iie.riskpredict.RiskController        : 已更新2201J00650
